<?xml version="1.0" encoding="UTF-8"?>
<!-- Generated by org.testng.reporters.JUnitXMLReporter -->
<testsuite hostname="Naresh-HP" ignored="4" name="Home_Test" tests="6" failures="0" timestamp="03 Sep 2020 21:16:28 GMT" time="13.572" errors="0">
  <testcase name="validateHomePage" time="0.451" classname="com.zoopla.tests.ZooplaHomeTest"/>
  <testcase name="enterSearchText" time="2.387" classname="com.zoopla.tests.ZooplaHomeTest"/>
  <testcase name="sortPrice" time="2.319" classname="com.zoopla.tests.SearchPage"/>
  <testcase name="selectNthSearchRes" time="2.385" classname="com.zoopla.tests.SearchPage"/>
  <testcase name="clickOnAgentName" time="5.384" classname="com.zoopla.tests.AgentPage"/>
  <testcase name="verifyNameInAgentPage" time="0.577" classname="com.zoopla.tests.AgentPage"/>
  <testcase name="@AfterSuite closeDependencies" time="0.0" classname="com.zoopla.utilities.TestBase">
    <ignored/>
  </testcase> <!-- @AfterSuite closeDependencies -->
  <testcase name="@AfterSuite closeDependencies" time="0.0" classname="com.zoopla.utilities.TestBase">
    <ignored/>
  </testcase> <!-- @AfterSuite closeDependencies -->
  <testcase name="@BeforeSuite initDependencies" time="0.0" classname="com.zoopla.utilities.TestBase">
    <ignored/>
  </testcase> <!-- @BeforeSuite initDependencies -->
  <testcase name="@BeforeSuite initDependencies" time="0.0" classname="com.zoopla.utilities.TestBase">
    <ignored/>
  </testcase> <!-- @BeforeSuite initDependencies -->
</testsuite> <!-- Home_Test -->
