<?xml version="1.0" encoding="UTF-8"?>
<!-- Generated by org.testng.reporters.JUnitXMLReporter -->
<testsuite hostname="Naresh-HP" ignored="4" name="Test" tests="0" failures="0" timestamp="03 Sep 2020 06:58:40 GMT" time="0.04" errors="0">
  <testcase name="@AfterSuite closeDependencies" time="0.0" classname="com.zoopla.utilities.TestBase">
    <ignored/>
  </testcase> <!-- @AfterSuite closeDependencies -->
  <testcase name="@AfterSuite closeDependencies" time="0.0" classname="com.zoopla.utilities.TestBase">
    <ignored/>
  </testcase> <!-- @AfterSuite closeDependencies -->
  <testcase name="@BeforeSuite initDependencies" time="0.0" classname="com.zoopla.utilities.TestBase">
    <ignored/>
  </testcase> <!-- @BeforeSuite initDependencies -->
  <testcase name="@BeforeSuite initDependencies" time="0.0" classname="com.zoopla.utilities.TestBase">
    <ignored/>
  </testcase> <!-- @BeforeSuite initDependencies -->
</testsuite> <!-- Test -->
