<?xml version="1.0" encoding="UTF-8"?>
<!-- Generated by org.testng.reporters.JUnitXMLReporter -->
<testsuite hostname="Naresh-HP" ignored="0" name="zooplaTest1" tests="7" failures="0" timestamp="08 Sep 2020 07:06:06 GMT" time="29.629" errors="0">
  <testcase name="openBrowser" time="12.083" classname="com.zoopla.tests.ZooplaTest"/>
  <testcase name="validateHomePage" time="0.757" classname="com.zoopla.tests.ZooplaTest"/>
  <testcase name="enterSearchText" time="6.009" classname="com.zoopla.tests.ZooplaTest"/>
  <testcase name="sortPrice" time="2.609" classname="com.zoopla.tests.ZooplaTest"/>
  <testcase name="selectNthSearchRes" time="3.244" classname="com.zoopla.tests.ZooplaTest"/>
  <testcase name="clickOnAgentName" time="4.801" classname="com.zoopla.tests.ZooplaTest"/>
  <testcase name="verifyNameInAgentPage" time="0.091" classname="com.zoopla.tests.ZooplaTest"/>
</testsuite> <!-- zooplaTest1 -->
