<?xml version="1.0" encoding="UTF-8"?>
<!-- Generated by org.testng.reporters.JUnitXMLReporter -->
<testsuite hostname="Naresh-HP" ignored="0" name="zooplaTest2" tests="7" failures="0" timestamp="08 Sep 2020 07:05:56 GMT" time="19.374" errors="0">
  <testcase name="openBrowser" time="8.0" classname="com.zoopla.tests.ZooplaTest"/>
  <testcase name="validateHomePage" time="0.51" classname="com.zoopla.tests.ZooplaTest"/>
  <testcase name="enterSearchText" time="4.161" classname="com.zoopla.tests.ZooplaTest"/>
  <testcase name="sortPrice" time="1.392" classname="com.zoopla.tests.ZooplaTest"/>
  <testcase name="selectNthSearchRes" time="2.617" classname="com.zoopla.tests.ZooplaTest"/>
  <testcase name="clickOnAgentName" time="2.206" classname="com.zoopla.tests.ZooplaTest"/>
  <testcase name="verifyNameInAgentPage" time="0.451" classname="com.zoopla.tests.ZooplaTest"/>
</testsuite> <!-- zooplaTest2 -->
