<?xml version="1.0" encoding="UTF-8"?>
<testsuite xmlns:xsi="http://www.w3.org/2001/XMLSchema-instance" xsi:noNamespaceSchemaLocation="https://maven.apache.org/surefire/maven-surefire-plugin/xsd/surefire-test-report.xsd" name="TestSuite" time="41.628" tests="15" errors="0" skipped="0" failures="15">
  <properties>
[...]
</properties>
  <testcase name="openBrowser" classname="com.zoopla.tests.ZooplaTest" time="31.68">
    <failure message="Timed out waiting for driver server to start.&#10;Build info: version: &apos;3.141.0&apos;, revision: &apos;2ecb7d9a&apos;, time: &apos;2018-10-31T20:09:30&apos;&#10;System info: host: &apos;NARESH-HP&apos;, ip: &apos;10.0.0.188&apos;, os.name: &apos;Windows 7&apos;, os.arch: &apos;amd64&apos;, os.version: &apos;6.1&apos;, java.version: &apos;1.8.0_241&apos;&#10;Driver info: driver.version: ChromeDriver" type="org.openqa.selenium.WebDriverException">org.openqa.selenium.WebDriverException: 
Timed out waiting for driver server to start.
Build info: version: '3.141.0', revision: '2ecb7d9a', time: '2018-10-31T20:09:30'
System info: host: 'NARESH-HP', ip: '10.0.0.188', os.name: 'Windows 7', os.arch: 'amd64', os.version: '6.1', java.version: '1.8.0_241'
Driver info: driver.version: ChromeDriver
	at com.zoopla.tests.ZooplaTest.openBrowser(ZooplaTest.java:24)
Caused by: org.openqa.selenium.net.UrlChecker$TimeoutException: Timed out waiting for [http://localhost:20738/status] to be available after 20002 ms
	at com.zoopla.tests.ZooplaTest.openBrowser(ZooplaTest.java:24)
Caused by: java.util.concurrent.TimeoutException
	at com.zoopla.tests.ZooplaTest.openBrowser(ZooplaTest.java:24)
</failure>
    <system-out><![CDATA[[TestNGContentHandler] [WARN] It is strongly recommended to add "<!DOCTYPE suite SYSTEM "http://testng.org/testng-1.0.dtd" >" at the top of your file, otherwise TestNG may fail or not work as expected.
INFO TestListener : 18 -  Testlistener started 
INFO TestListener : 18 -  Testlistener started 
INFO ZooplaTest : 22 - Test : openBrowserchrome
INFO ZooplaTest : 22 - Test : openBrowserfirefox
]]></system-out>
    <system-err><![CDATA[SLF4J: Failed to load class "org.slf4j.impl.StaticLoggerBinder".
SLF4J: Defaulting to no-operation (NOP) logger implementation
SLF4J: See http://www.slf4j.org/codes.html#StaticLoggerBinder for further details.
]]></system-err>
  </testcase>
  <testcase name="openBrowser" classname="com.zoopla.tests.ZooplaTest" time="5.031">
    <failure message="java.net.ConnectException: Failed to connect to localhost/0:0:0:0:0:0:0:1:20804&#10;Build info: version: &apos;3.141.0&apos;, revision: &apos;2ecb7d9a&apos;, time: &apos;2018-10-31T20:09:30&apos;&#10;System info: host: &apos;NARESH-HP&apos;, ip: &apos;10.0.0.188&apos;, os.name: &apos;Windows 7&apos;, os.arch: &apos;amd64&apos;, os.version: &apos;6.1&apos;, java.version: &apos;1.8.0_241&apos;&#10;Driver info: driver.version: FirefoxDriver" type="org.openqa.selenium.WebDriverException">org.openqa.selenium.WebDriverException: 
java.net.ConnectException: Failed to connect to localhost/0:0:0:0:0:0:0:1:20804
Build info: version: '3.141.0', revision: '2ecb7d9a', time: '2018-10-31T20:09:30'
System info: host: 'NARESH-HP', ip: '10.0.0.188', os.name: 'Windows 7', os.arch: 'amd64', os.version: '6.1', java.version: '1.8.0_241'
Driver info: driver.version: FirefoxDriver
	at com.zoopla.tests.ZooplaTest.openBrowser(ZooplaTest.java:24)
Caused by: java.net.ConnectException: Failed to connect to localhost/0:0:0:0:0:0:0:1:20804
	at com.zoopla.tests.ZooplaTest.openBrowser(ZooplaTest.java:24)
Caused by: java.net.ConnectException: Connection refused: connect
	at com.zoopla.tests.ZooplaTest.openBrowser(ZooplaTest.java:24)
</failure>
    <system-out><![CDATA[INFO TestListener : 47 -  Testlistener finished 
]]></system-out>
  </testcase>
  <testcase name="validateHomePage" classname="com.zoopla.tests.ZooplaTest" time="0.009">
    <failure type="java.lang.NullPointerException">java.lang.NullPointerException
	at com.zoopla.tests.ZooplaTest.validateHomePage(ZooplaTest.java:36)
</failure>
    <system-out><![CDATA[INFO ZooplaTest : 35 - Test : validateHomePage
]]></system-out>
  </testcase>
  <testcase name="validateHomePage" classname="com.zoopla.tests.ZooplaTest" time="0.003">
    <failure type="java.lang.NullPointerException">java.lang.NullPointerException
	at com.zoopla.tests.ZooplaTest.validateHomePage(ZooplaTest.java:36)
</failure>
    <system-out><![CDATA[INFO ZooplaTest : 35 - Test : validateHomePage
]]></system-out>
  </testcase>
  <testcase name="enterSearchText" classname="com.zoopla.tests.ZooplaTest" time="0.01">
    <failure type="java.lang.NullPointerException">java.lang.NullPointerException
	at com.zoopla.tests.ZooplaTest.enterSearchText(ZooplaTest.java:43)
</failure>
    <system-out><![CDATA[INFO ZooplaTest : 42 - Test : enterSearchText
]]></system-out>
  </testcase>
  <testcase name="enterSearchText" classname="com.zoopla.tests.ZooplaTest" time="0.003">
    <failure type="java.lang.NullPointerException">java.lang.NullPointerException
	at com.zoopla.tests.ZooplaTest.enterSearchText(ZooplaTest.java:43)
</failure>
    <system-out><![CDATA[INFO ZooplaTest : 42 - Test : enterSearchText
]]></system-out>
  </testcase>
  <testcase name="sortPrice" classname="com.zoopla.tests.ZooplaTest" time="0.009">
    <failure type="java.lang.NullPointerException">java.lang.NullPointerException
	at com.zoopla.tests.ZooplaTest.sortPrice(ZooplaTest.java:50)
</failure>
    <system-out><![CDATA[INFO ZooplaTest : 49 - Test : sortPricenull
null
]]></system-out>
  </testcase>
  <testcase name="sortPrice" classname="com.zoopla.tests.ZooplaTest" time="0.005">
    <failure type="java.lang.NullPointerException">java.lang.NullPointerException
	at com.zoopla.tests.ZooplaTest.sortPrice(ZooplaTest.java:50)
</failure>
    <system-out><![CDATA[INFO ZooplaTest : 49 - Test : sortPricenull
null
]]></system-out>
  </testcase>
  <testcase name="selectNthSearchRes" classname="com.zoopla.tests.ZooplaTest" time="0.008">
    <failure type="java.lang.NullPointerException">java.lang.NullPointerException
	at com.zoopla.tests.ZooplaTest.selectNthSearchRes(ZooplaTest.java:59)
</failure>
    <system-out><![CDATA[INFO ZooplaTest : 56 - Test : selectNthSearchRes
INFO ZooplaTest : 58 - select n value from list 3
]]></system-out>
  </testcase>
  <testcase name="selectNthSearchRes" classname="com.zoopla.tests.ZooplaTest" time="0.006">
    <failure type="java.lang.NullPointerException">java.lang.NullPointerException
	at com.zoopla.tests.ZooplaTest.selectNthSearchRes(ZooplaTest.java:59)
</failure>
    <system-out><![CDATA[INFO ZooplaTest : 56 - Test : selectNthSearchRes
INFO ZooplaTest : 58 - select n value from list 5
]]></system-out>
  </testcase>
  <testcase name="clickOnAgentName" classname="com.zoopla.tests.ZooplaTest" time="0.005">
    <failure type="java.lang.NullPointerException">java.lang.NullPointerException
	at com.zoopla.tests.ZooplaTest.clickOnAgentName(ZooplaTest.java:64)
</failure>
    <system-out><![CDATA[INFO ZooplaTest : 63 - Test : clickOnAgentName
]]></system-out>
  </testcase>
  <testcase name="clickOnAgentName" classname="com.zoopla.tests.ZooplaTest" time="0.002">
    <failure type="java.lang.NullPointerException">java.lang.NullPointerException
	at com.zoopla.tests.ZooplaTest.clickOnAgentName(ZooplaTest.java:64)
</failure>
    <system-out><![CDATA[INFO ZooplaTest : 63 - Test : clickOnAgentName
]]></system-out>
  </testcase>
  <testcase name="verifyNameInAgentPage" classname="com.zoopla.tests.ZooplaTest" time="0.005">
    <failure type="java.lang.NullPointerException">java.lang.NullPointerException
	at com.zoopla.tests.ZooplaTest.verifyNameInAgentPage(ZooplaTest.java:70)
</failure>
    <system-out><![CDATA[INFO ZooplaTest : 69 - Test : VerifyNameInAgentPage
]]></system-out>
  </testcase>
  <testcase name="verifyNameInAgentPage" classname="com.zoopla.tests.ZooplaTest" time="0.002">
    <failure type="java.lang.NullPointerException">java.lang.NullPointerException
	at com.zoopla.tests.ZooplaTest.verifyNameInAgentPage(ZooplaTest.java:70)
</failure>
    <system-out><![CDATA[INFO ZooplaTest : 69 - Test : VerifyNameInAgentPage
]]></system-out>
  </testcase>
  <testcase name="closeDependencies" classname="com.zoopla.tests.ZooplaTest" time="0.061">
    <failure type="java.lang.NullPointerException">java.lang.NullPointerException
</failure>
    <system-out><![CDATA[INFO TestListener : 47 -  Testlistener finished 
]]></system-out>
  </testcase>
</testsuite>